<?xml version="1.0" encoding="UTF-8"?>
<testng-results ignored="0" total="1" passed="1" failed="0" skipped="0">
  <reporter-output>
  </reporter-output>
  <suite started-at="2024-04-21T01:55:31 IST" name="Default suite" finished-at="2024-04-21T01:55:35 IST" duration-ms="3953">
    <groups>
    </groups>
    <test started-at="2024-04-21T01:55:31 IST" name="Default test" finished-at="2024-04-21T01:55:35 IST" duration-ms="3953">
      <class name="Com.Pokemon.ptest01">
        <test-method signature="resttest01()[pri:0, instance:Com.Pokemon.ptest01@4686afc2]" started-at="2024-04-21T01:55:31 IST" name="resttest01" finished-at="2024-04-21T01:55:35 IST" duration-ms="3848" status="PASS">
          <reporter-output>
          </reporter-output>
        </test-method> <!-- resttest01 -->
      </class> <!-- Com.Pokemon.ptest01 -->
    </test> <!-- Default test -->
  </suite> <!-- Default suite -->
</testng-results>
